<?xml version="1.0" encoding="UTF-8"?>
<!-- Generated by org.testng.reporters.JUnitReportReporter -->
<testsuite hostname="Windows81" name="com.ra.pratice.TestEmployess" tests="1" failures="0" timestamp="11 Sep 2020 03:07:47 GMT" time="1.814" errors="0">
  <testcase name="fetchAllEmployee" time="1.814" classname="com.ra.pratice.TestEmployess"/>
</testsuite> <!-- com.ra.pratice.TestEmployess -->
