<?xml version="1.0" encoding="UTF-8"?>
<!-- Generated by org.testng.reporters.JUnitReportReporter -->
<testsuite hostname="Windows81" name="com.api.testScripts.FetchEmployeeIDTest" tests="1" failures="0" timestamp="11 Sep 2020 03:07:47 GMT" time="1.919" errors="0">
  <testcase name="checkEmployeeId" time="1.919" classname="com.api.testScripts.FetchEmployeeIDTest"/>
</testsuite> <!-- com.api.testScripts.FetchEmployeeIDTest -->
