<?xml version="1.0" encoding="UTF-8"?>
<!-- Generated by org.testng.reporters.JUnitReportReporter -->
<testsuite hostname="Windows81" name="com.ra.pratice.TestAssrtion" tests="1" failures="0" timestamp="11 Sep 2020 03:07:47 GMT" time="2.836" errors="0">
  <testcase name="demoAssertionByRA" time="2.836" classname="com.ra.pratice.TestAssrtion"/>
</testsuite> <!-- com.ra.pratice.TestAssrtion -->
