<?xml version="1.0" encoding="UTF-8"?>
<!-- Generated by org.testng.reporters.JUnitReportReporter -->
<testsuite hostname="Windows81" name="com.api.testScripts.BulkPostTest" tests="1" failures="0" timestamp="11 Sep 2020 03:07:47 GMT" time="0.375" errors="0">
  <testcase name="addBulkData" time="0.375" classname="com.api.testScripts.BulkPostTest"/>
</testsuite> <!-- com.api.testScripts.BulkPostTest -->
