<?xml version="1.0" encoding="UTF-8"?>
<!-- Generated by org.testng.reporters.JUnitReportReporter -->
<testsuite hostname="Windows81" name="com.api.testScripts.AddNewDataTest" tests="1" failures="0" timestamp="11 Sep 2020 03:07:47 GMT" time="16.763" errors="0">
  <testcase name="createNewData" time="16.763" classname="com.api.testScripts.AddNewDataTest"/>
</testsuite> <!-- com.api.testScripts.AddNewDataTest -->
