<?xml version="1.0" encoding="UTF-8"?>
<!-- Generated by org.testng.reporters.JUnitReportReporter -->
<testsuite hostname="Windows81" name="com.api.testScripts.FetchAllCountriesTest" tests="1" failures="0" timestamp="11 Sep 2020 03:07:47 GMT" time="10.233" errors="0">
  <testcase name="getAllCountries" time="10.233" classname="com.api.testScripts.FetchAllCountriesTest"/>
</testsuite> <!-- com.api.testScripts.FetchAllCountriesTest -->
