<?xml version="1.0" encoding="UTF-8"?>
<!-- Generated by org.testng.reporters.JUnitReportReporter -->
<testsuite hostname="Windows81" name="com.api.testScripts.AddNewDataTest" tests="1" failures="0" timestamp="9 Sep 2020 03:18:12 GMT" time="6.193" errors="0">
  <testcase name="createNewData" time="6.193" classname="com.api.testScripts.AddNewDataTest"/>
</testsuite> <!-- com.api.testScripts.AddNewDataTest -->
