<?xml version="1.0" encoding="UTF-8"?>
<!-- Generated by org.testng.reporters.JUnitReportReporter -->
<testsuite hostname="Windows81" name="com.ra.pratice.FetchDataFromPosts" tests="1" failures="0" timestamp="27 Aug 2020 03:59:08 GMT" time="5.307" errors="0">
  <testcase name="getData" time="5.307" classname="com.ra.pratice.FetchDataFromPosts"/>
</testsuite> <!-- com.ra.pratice.FetchDataFromPosts -->
