<?xml version="1.0" encoding="UTF-8"?>
<!-- Generated by org.testng.reporters.JUnitReportReporter -->
<testsuite hostname="Windows81" name="com.ra.pratice.AssignmentOnJsonPath" tests="1" failures="0" timestamp="3 Sep 2020 03:06:21 GMT" time="9.904" errors="0">
  <testcase name="assignment2" time="9.904" classname="com.ra.pratice.AssignmentOnJsonPath"/>
</testsuite> <!-- com.ra.pratice.AssignmentOnJsonPath -->
