<?xml version="1.0" encoding="UTF-8"?>
<!-- Generated by org.testng.reporters.JUnitReportReporter -->
<testsuite hostname="Windows81" name="com.ra.pratice.TestEmployess" tests="1" failures="0" timestamp="4 Sep 2020 04:03:25 GMT" time="6.752" errors="0">
  <testcase name="fetchAllEmployee" time="6.752" classname="com.ra.pratice.TestEmployess"/>
</testsuite> <!-- com.ra.pratice.TestEmployess -->
