<?xml version="1.0" encoding="UTF-8"?>
<!-- Generated by org.testng.reporters.JUnitReportReporter -->
<testsuite hostname="Windows81" name="com.api.testScripts.FetchAllCountries" tests="1" failures="0" timestamp="9 Sep 2020 03:12:13 GMT" time="8.054" errors="0">
  <testcase name="getAllCountries" time="8.054" classname="com.api.testScripts.FetchAllCountries"/>
</testsuite> <!-- com.api.testScripts.FetchAllCountries -->
