<?xml version="1.0" encoding="UTF-8"?>
<!-- Generated by org.testng.reporters.JUnitReportReporter -->
<testsuite hostname="Windows81" name="com.api.testScripts.FetchAllPostTest" tests="1" failures="0" timestamp="9 Sep 2020 03:12:59 GMT" time="5.481" errors="0">
  <testcase name="getAllPosts" time="5.481" classname="com.api.testScripts.FetchAllPostTest"/>
</testsuite> <!-- com.api.testScripts.FetchAllPostTest -->
