<?xml version="1.0" encoding="UTF-8"?>
<!-- Generated by org.testng.reporters.JUnitReportReporter -->
<testsuite hostname="Windows81" name="com.api.testScripts.FetchEmployeeIDTest" tests="1" failures="0" timestamp="9 Sep 2020 03:24:13 GMT" time="6.594" errors="0">
  <testcase name="checkEmployeeId" time="6.594" classname="com.api.testScripts.FetchEmployeeIDTest"/>
</testsuite> <!-- com.api.testScripts.FetchEmployeeIDTest -->
