<?xml version="1.0" encoding="UTF-8"?>
<!-- Generated by org.testng.reporters.JUnitReportReporter -->
<testsuite hostname="Windows81" name="com.ra.pratice.RemoveDataFromPosts" tests="1" failures="0" timestamp="27 Aug 2020 02:52:56 GMT" time="6.337" errors="0">
  <testcase name="deleteData" time="6.337" classname="com.ra.pratice.RemoveDataFromPosts"/>
</testsuite> <!-- com.ra.pratice.RemoveDataFromPosts -->
