<?xml version="1.0" encoding="UTF-8"?>
<!-- Generated by org.testng.reporters.JUnitReportReporter -->
<testsuite hostname="Windows81" name="com.ra.pratice.CheckParameters" tests="1" failures="0" timestamp="7 Sep 2020 02:42:22 GMT" time="15.508" errors="0">
  <testcase name="checkQueryString" time="15.508" classname="com.ra.pratice.CheckParameters"/>
</testsuite> <!-- com.ra.pratice.CheckParameters -->
