<?xml version="1.0" encoding="UTF-8"?>
<!-- Generated by org.testng.reporters.JUnitReportReporter -->
<testsuite hostname="Windows81" name="com.api.testScripts.FetchAllCountry" tests="1" failures="0" timestamp="10 Sep 2020 03:40:44 GMT" time="11.611" errors="0">
  <testcase name="getAllCountry" time="11.611" classname="com.api.testScripts.FetchAllCountry"/>
</testsuite> <!-- com.api.testScripts.FetchAllCountry -->
