<?xml version="1.0" encoding="UTF-8"?>
<!-- Generated by org.testng.reporters.JUnitReportReporter -->
<testsuite hostname="Windows81" name="com.ra.pratice.FetchAllCoutnry" tests="1" failures="0" timestamp="31 Aug 2020 02:20:47 GMT" time="14.411" errors="0">
  <testcase name="getAllCountry" time="14.411" classname="com.ra.pratice.FetchAllCoutnry"/>
</testsuite> <!-- com.ra.pratice.FetchAllCoutnry -->
