<?xml version="1.0" encoding="UTF-8"?>
<!-- Generated by org.testng.reporters.JUnitReportReporter -->
<testsuite hostname="Windows81" name="com.ra.pratice.AddComplexData" tests="1" failures="0" timestamp="1 Sep 2020 02:51:13 GMT" time="5.887" errors="0">
  <testcase name="createComplexData" time="5.887" classname="com.ra.pratice.AddComplexData"/>
</testsuite> <!-- com.ra.pratice.AddComplexData -->
