<?xml version="1.0" encoding="UTF-8"?>
<!-- Generated by org.testng.reporters.JUnitReportReporter -->
<testsuite hostname="Windows81" name="com.ra.pratice.InsertDatatoPosts" tests="1" failures="0" timestamp="27 Aug 2020 03:58:10 GMT" time="9.692" errors="0">
  <testcase name="addData" time="9.692" classname="com.ra.pratice.InsertDatatoPosts"/>
</testsuite> <!-- com.ra.pratice.InsertDatatoPosts -->
